<?xml version="1.0" encoding="UTF-8"?>
<testng-results ignored="0" total="1" passed="1" failed="0" skipped="0">
  <reporter-output>
  </reporter-output>
  <suite started-at="2023-11-17T22:54:30 CET" name="MyTestSuite" finished-at="2023-11-17T22:56:22 CET" duration-ms="111210">
    <groups>
    </groups>
    <test started-at="2023-11-17T22:54:30 CET" name="PassOrderTest" finished-at="2023-11-17T22:56:22 CET" duration-ms="111210">
      <class name="automationExerciseTests.PassingOrder">
        <test-method is-config="true" signature="setUp(java.lang.String,java.lang.String)[pri:0, instance:automationExerciseTests.PassingOrder@6e2829c7]" started-at="2023-11-17T22:54:30 CET" name="setUp" finished-at="2023-11-17T22:54:38 CET" duration-ms="7811" status="PASS">
          <params>
            <param index="0">
              <value>
                <![CDATA[chrome]]>
              </value>
            </param>
            <param index="1">
              <value>
                <![CDATA[mac]]>
              </value>
            </param>
          </params>
          <reporter-output>
          </reporter-output>
        </test-method> <!-- setUp -->
        <test-method signature="PassOrderTest(java.lang.String,java.lang.String)[pri:0, instance:automationExerciseTests.PassingOrder@6e2829c7]" started-at="2023-11-17T22:54:38 CET" name="PassOrderTest" finished-at="2023-11-17T22:56:21 CET" duration-ms="102946" status="PASS">
          <params>
            <param index="0">
              <value>
                <![CDATA[chrome]]>
              </value>
            </param>
            <param index="1">
              <value>
                <![CDATA[mac]]>
              </value>
            </param>
          </params>
          <reporter-output>
          </reporter-output>
        </test-method> <!-- PassOrderTest -->
        <test-method is-config="true" signature="tearDown()[pri:0, instance:automationExerciseTests.PassingOrder@6e2829c7]" started-at="2023-11-17T22:56:21 CET" name="tearDown" finished-at="2023-11-17T22:56:22 CET" duration-ms="411" status="PASS">
          <reporter-output>
          </reporter-output>
        </test-method> <!-- tearDown -->
      </class> <!-- automationExerciseTests.PassingOrder -->
    </test> <!-- PassOrderTest -->
  </suite> <!-- MyTestSuite -->
</testng-results>
